[debug] [2019-04-22T01:40:21.645Z] ----------------------------------------------------------------------
[debug] [2019-04-22T01:40:21.648Z] Command:       C:\Program Files\nodejs\node.exe C:\Users\ZijunYi\AppData\Roaming\npm\node_modules\firebase-tools\lib\bin\firebase.js serve
[debug] [2019-04-22T01:40:21.648Z] CLI Version:   6.7.0
[debug] [2019-04-22T01:40:21.648Z] Platform:      win32
[debug] [2019-04-22T01:40:21.648Z] Node Version:  v10.15.3
[debug] [2019-04-22T01:40:21.649Z] Time:          Sun Apr 21 2019 21:40:21 GMT-0400 (Eastern Daylight Time)
[debug] [2019-04-22T01:40:21.649Z] ----------------------------------------------------------------------
[debug] 
[debug] [2019-04-22T01:40:21.660Z] > command requires scopes: ["email","openid","https://www.googleapis.com/auth/cloudplatformprojects.readonly","https://www.googleapis.com/auth/firebase","https://www.googleapis.com/auth/cloud-platform"]
[debug] [2019-04-22T01:40:21.661Z] > authorizing via signed-in user
[debug] [2019-04-22T01:40:21.661Z] [iam] checking project storage-22a42 for permissions ["firebase.projects.get"]
[debug] [2019-04-22T01:40:21.664Z] >>> HTTP REQUEST POST https://cloudresourcemanager.googleapis.com/v1/projects/storage-22a42:testIamPermissions  

[debug] [2019-04-22T01:40:21.908Z] <<< HTTP RESPONSE 200
[debug] [2019-04-22T01:40:21.910Z] >>> HTTP REQUEST GET https://cloudresourcemanager.googleapis.com/v1/projects/storage-22a42  
 
[debug] [2019-04-22T01:40:22.122Z] <<< HTTP RESPONSE 200
[info] 
[info] === Serving from 'C:\Users\ZijunYi\storage'...
[info] 
[debug] [2019-04-22T01:40:22.127Z] >>> HTTP REQUEST GET https://mobilesdk-pa.googleapis.com/v1/projects/80320433769/clients/_:getWebAppConfig  
 
[debug] [2019-04-22T01:40:22.322Z] <<< HTTP RESPONSE 200
[info] i  hosting: Serving hosting files from: public
[info] +  hosting: Local server: http://localhost:5000
